<?xml version="1.0" encoding="UTF-8"?>
<!-- Generated by org.testng.reporters.JUnitReportReporter -->
<testsuite hostname="LAPTOP-OV1336I4" failures="0" tests="1" name="swagLabs.swagLab" time="2.103" errors="0" timestamp="2023-01-31T17:51:36 CST" skipped="0">
  <testcase classname="swagLabs.swagLab" name="test" time="2.103"/>
  <system-out/>
</testsuite> <!-- swagLabs.swagLab -->
